<?xml version="1.0" encoding="UTF-8"?>
<!-- Generated by org.testng.reporters.JUnitReportReporter -->
<testsuite skipped="0" hostname="moosu-PC" name="pomusingpagefactory.Updateinputs" tests="1" failures="0" timestamp="2022-06-24T10:05:04 IST" time="20.924" errors="0">
  <testcase name="updatedemo" time="20.924" classname="pomusingpagefactory.Updateinputs"/>
  <system-out/>
</testsuite> <!-- pomusingpagefactory.Updateinputs -->
