<?xml version="1.0" encoding="UTF-8"?>
<!-- Generated by org.testng.reporters.JUnitReportReporter -->
<testsuite skipped="0" hostname="moosu-PC" name="pomusingpagefactory.LoginInputs" tests="1" failures="0" timestamp="2022-06-24T09:08:50 IST" time="13.979" errors="0">
  <testcase name="inputsData" time="13.979" classname="pomusingpagefactory.LoginInputs"/>
  <system-out/>
</testsuite> <!-- pomusingpagefactory.LoginInputs -->
