<?xml version="1.0" encoding="UTF-8"?>
<!-- Generated by org.testng.reporters.JUnitReportReporter -->
<testsuite skipped="0" hostname="moosu-PC" name="pageobjectmodel.logininputs" tests="1" failures="0" timestamp="2022-06-23T20:36:52 IST" time="34.217" errors="0">
  <testcase name="giveninput" time="34.217" classname="pageobjectmodel.logininputs"/>
  <system-out/>
</testsuite> <!-- pageobjectmodel.logininputs -->
